# JRE version: Java(TM) SE Runtime Environment (8.0_191-b12) (build 1.8.0_191-b12)
# Java VM: Java HotSpot(TM) 64-Bit Server VM (25.191-b12 mixed mode linux-amd64 compressed oops)
Heap:
 PSYoungGen      total 294912K, used 0K [0x00000000ebe00000, 0x0000000100000000, 0x0000000100000000)
  eden space 260096K, 0% used [0x00000000ebe00000,0x00000000ebe00000,0x00000000fbc00000)
  from space 34816K, 0% used [0x00000000fbc00000,0x00000000fbc00000,0x00000000fde00000)
  to   space 34304K, 0% used [0x00000000fde80000,0x00000000fde80000,0x0000000100000000)
 ParOldGen       total 135680K, used 125409K [0x00000000c3a00000, 0x00000000cbe80000, 0x00000000ebe00000)
  object space 135680K, 92% used [0x00000000c3a00000,0x00000000cb478610,0x00000000cbe80000)
 Metaspace       used 3166K, capacity 4496K, committed 4864K, reserved 1056768K
  class space    used 330K, capacity 388K, committed 512K, reserved 1048576K
GC Heap History (10 events):
Event: 4,379 GC heap after
Heap after GC invocations=15 (full 1):
 PSYoungGen      total 297472K, used 19424K [0x00000000ebe00000, 0x0000000100000000, 0x0000000100000000)
  eden space 273408K, 0% used [0x00000000ebe00000,0x00000000ebe00000,0x00000000fc900000)
  from space 24064K, 80% used [0x00000000fe880000,0x00000000ffb78000,0x0000000100000000)
  to   space 28160K, 0% used [0x00000000fc900000,0x00000000fc900000,0x00000000fe480000)
 ParOldGen       total 76800K, used 76283K [0x00000000c3a00000, 0x00000000c8500000, 0x00000000ebe00000)
  object space 76800K, 99% used [0x00000000c3a00000,0x00000000c847ed78,0x00000000c8500000)
 Metaspace       used 3107K, capacity 4496K, committed 4864K, reserved 1056768K
  class space    used 329K, capacity 388K, committed 512K, reserved 1048576K
}
Event: 4,379 GC heap before
{Heap before GC invocations=16 (full 2):
 PSYoungGen      total 297472K, used 19424K [0x00000000ebe00000, 0x0000000100000000, 0x0000000100000000)
  eden space 273408K, 0% used [0x00000000ebe00000,0x00000000ebe00000,0x00000000fc900000)
  from space 24064K, 80% used [0x00000000fe880000,0x00000000ffb78000,0x0000000100000000)
  to   space 28160K, 0% used [0x00000000fc900000,0x00000000fc900000,0x00000000fe480000)
 ParOldGen       total 76800K, used 76283K [0x00000000c3a00000, 0x00000000c8500000, 0x00000000ebe00000)
  object space 76800K, 99% used [0x00000000c3a00000,0x00000000c847ed78,0x00000000c8500000)
 Metaspace       used 3107K, capacity 4496K, committed 4864K, reserved 1056768K
  class space    used 329K, capacity 388K, committed 512K, reserved 1048576K
Event: 5,300 GC heap after
Heap after GC invocations=16 (full 2):
 PSYoungGen      total 297472K, used 18811K [0x00000000ebe00000, 0x0000000100000000, 0x0000000100000000)
  eden space 273408K, 0% used [0x00000000ebe00000,0x00000000ebe00000,0x00000000fc900000)
  from space 24064K, 78% used [0x00000000fe880000,0x00000000ffadec00,0x0000000100000000)
  to   space 28160K, 0% used [0x00000000fc900000,0x00000000fc900000,0x00000000fe480000)
 ParOldGen       total 135680K, used 76570K [0x00000000c3a00000, 0x00000000cbe80000, 0x00000000ebe00000)
  object space 135680K, 56% used [0x00000000c3a00000,0x00000000c84c6860,0x00000000cbe80000)
 Metaspace       used 3107K, capacity 4496K, committed 4864K, reserved 1056768K
  class space    used 329K, capacity 388K, committed 512K, reserved 1048576K
}
Event: 5,734 GC heap before
{Heap before GC invocations=17 (full 2):
 PSYoungGen      total 297472K, used 292219K [0x00000000ebe00000, 0x0000000100000000, 0x0000000100000000)
  eden space 273408K, 100% used [0x00000000ebe00000,0x00000000fc900000,0x00000000fc900000)
  from space 24064K, 78% used [0x00000000fe880000,0x00000000ffadec00,0x0000000100000000)
  to   space 28160K, 0% used [0x00000000fc900000,0x00000000fc900000,0x00000000fe480000)
 ParOldGen       total 135680K, used 76570K [0x00000000c3a00000, 0x00000000cbe80000, 0x00000000ebe00000)
  object space 135680K, 56% used [0x00000000c3a00000,0x00000000c84c6860,0x00000000cbe80000)
 Metaspace       used 3107K, capacity 4496K, committed 4864K, reserved 1056768K
  class space    used 329K, capacity 388K, committed 512K, reserved 1048576K
Event: 5,789 GC heap after
Heap after GC invocations=17 (full 2):
 PSYoungGen      total 292352K, used 18528K [0x00000000ebe00000, 0x0000000100000000, 0x0000000100000000)
  eden space 273408K, 0% used [0x00000000ebe00000,0x00000000ebe00000,0x00000000fc900000)
  from space 18944K, 97% used [0x00000000fc900000,0x00000000fdb18000,0x00000000fdb80000)
  to   space 29184K, 0% used [0x00000000fe380000,0x00000000fe380000,0x0000000100000000)
 ParOldGen       total 135680K, used 95498K [0x00000000c3a00000, 0x00000000cbe80000, 0x00000000ebe00000)
  object space 135680K, 70% used [0x00000000c3a00000,0x00000000c9742860,0x00000000cbe80000)
 Metaspace       used 3107K, capacity 4496K, committed 4864K, reserved 1056768K
  class space    used 329K, capacity 388K, committed 512K, reserved 1048576K
}
Event: 42,257 GC heap before
{Heap before GC invocations=18 (full 2):
 PSYoungGen      total 292352K, used 291936K [0x00000000ebe00000, 0x0000000100000000, 0x0000000100000000)
  eden space 273408K, 100% used [0x00000000ebe00000,0x00000000fc900000,0x00000000fc900000)
  from space 18944K, 97% used [0x00000000fc900000,0x00000000fdb18000,0x00000000fdb80000)
  to   space 29184K, 0% used [0x00000000fe380000,0x00000000fe380000,0x0000000100000000)
 ParOldGen       total 135680K, used 95498K [0x00000000c3a00000, 0x00000000cbe80000, 0x00000000ebe00000)
  object space 135680K, 70% used [0x00000000c3a00000,0x00000000c9742860,0x00000000cbe80000)
 Metaspace       used 3166K, capacity 4496K, committed 4864K, reserved 1056768K
  class space    used 330K, capacity 388K, committed 512K, reserved 1048576K
Event: 42,307 GC heap after
Heap after GC invocations=18 (full 2):
 PSYoungGen      total 289280K, used 29184K [0x00000000ebe00000, 0x0000000100000000, 0x0000000100000000)
  eden space 260096K, 0% used [0x00000000ebe00000,0x00000000ebe00000,0x00000000fbc00000)
  from space 29184K, 100% used [0x00000000fe380000,0x0000000100000000,0x0000000100000000)
  to   space 34816K, 0% used [0x00000000fbc00000,0x00000000fbc00000,0x00000000fde00000)
 ParOldGen       total 135680K, used 98458K [0x00000000c3a00000, 0x00000000cbe80000, 0x00000000ebe00000)
  object space 135680K, 72% used [0x00000000c3a00000,0x00000000c9a26860,0x00000000cbe80000)
 Metaspace       used 3166K, capacity 4496K, committed 4864K, reserved 1056768K
  class space    used 330K, capacity 388K, committed 512K, reserved 1048576K
}
Event: 453,504 GC heap before
{Heap before GC invocations=19 (full 2):
 PSYoungGen      total 289280K, used 289280K [0x00000000ebe00000, 0x0000000100000000, 0x0000000100000000)
  eden space 260096K, 100% used [0x00000000ebe00000,0x00000000fbc00000,0x00000000fbc00000)
  from space 29184K, 100% used [0x00000000fe380000,0x0000000100000000,0x0000000100000000)
  to   space 34816K, 0% used [0x00000000fbc00000,0x00000000fbc00000,0x00000000fde00000)
 ParOldGen       total 135680K, used 98458K [0x00000000c3a00000, 0x00000000cbe80000, 0x00000000ebe00000)
  object space 135680K, 72% used [0x00000000c3a00000,0x00000000c9a26860,0x00000000cbe80000)
 Metaspace       used 3166K, capacity 4496K, committed 4864K, reserved 1056768K
  class space    used 330K, capacity 388K, committed 512K, reserved 1048576K
Event: 454,982 GC heap after
Heap after GC invocations=19 (full 2):
 PSYoungGen      total 294912K, used 5664K [0x00000000ebe00000, 0x0000000100000000, 0x0000000100000000)
  eden space 260096K, 0% used [0x00000000ebe00000,0x00000000ebe00000,0x00000000fbc00000)
  from space 34816K, 16% used [0x00000000fbc00000,0x00000000fc188000,0x00000000fde00000)
  to   space 34304K, 0% used [0x00000000fde80000,0x00000000fde80000,0x0000000100000000)
 ParOldGen       total 135680K, used 127778K [0x00000000c3a00000, 0x00000000cbe80000, 0x00000000ebe00000)
  object space 135680K, 94% used [0x00000000c3a00000,0x00000000cb6c8860,0x00000000cbe80000)
 Metaspace       used 3166K, capacity 4496K, committed 4864K, reserved 1056768K
  class space    used 330K, capacity 388K, committed 512K, reserved 1048576K
}
Event: 455,181 GC heap before
{Heap before GC invocations=20 (full 3):
 PSYoungGen      total 294912K, used 5664K [0x00000000ebe00000, 0x0000000100000000, 0x0000000100000000)
  eden space 260096K, 0% used [0x00000000ebe00000,0x00000000ebe00000,0x00000000fbc00000)
  from space 34816K, 16% used [0x00000000fbc00000,0x00000000fc188000,0x00000000fde00000)
  to   space 34304K, 0% used [0x00000000fde80000,0x00000000fde80000,0x0000000100000000)
 ParOldGen       total 135680K, used 127778K [0x00000000c3a00000, 0x00000000cbe80000, 0x00000000ebe00000)
  object space 135680K, 94% used [0x00000000c3a00000,0x00000000cb6c8860,0x00000000cbe80000)
 Metaspace       used 3166K, capacity 4496K, committed 4864K, reserved 1056768K
  class space    used 330K, capacity 388K, committed 512K, reserved 1048576K

